<?xml version="1.0" encoding="UTF-8"?>
<!-- Generated by org.testng.reporters.JUnitReportReporter -->
<testsuite hostname="Shirdi_Sai_Baba" name="com.test.etochaTestProject.EtochaTest" tests="1" failures="0" timestamp="23 Apr 2018 09:22:23 GMT" time="139.819" errors="0">
  <testcase name="productOrder_Validation" time="139.819" classname="com.test.etochaTestProject.EtochaTest"/>
</testsuite> <!-- com.test.etochaTestProject.EtochaTest -->
